<?xml version="1.0" encoding="UTF-8"?>
<testsuite name="ch.fhnw.bacnetit.samplesandtests.encoding.ASNDecodingTest" tests="3" skipped="0" failures="0" errors="0" timestamp="2018-03-21T20:19:16" hostname="DESKTOP-QBU1TN7" time="0.399">
  <properties/>
  <testcase name="testDecodeWhoIsRequestWithNoFilter" classname="ch.fhnw.bacnetit.samplesandtests.encoding.ASNDecodingTest" time="0.383"/>
  <testcase name="testDecodeOpeningTagException" classname="ch.fhnw.bacnetit.samplesandtests.encoding.ASNDecodingTest" time="0.002"/>
  <testcase name="testDecodeIAmRequestWithUnicast" classname="ch.fhnw.bacnetit.samplesandtests.encoding.ASNDecodingTest" time="0.006"/>
  <system-out><![CDATA[21:19:16.925 [Test worker] DEBUG i.n.u.i.l.InternalLoggerFactory - Using SLF4J as the default logging framework
]]></system-out>
  <system-err><![CDATA[]]></system-err>
</testsuite>
