<?xml version="1.0" encoding="UTF-8"?>
<testsuite name="ch.fhnw.bacnetit.samplesandtests.encoding.WebSocketConnectionHandlerTest" tests="6" skipped="0" failures="0" errors="0" timestamp="2018-03-21T20:19:20" hostname="DESKTOP-QBU1TN7" time="0.473">
  <properties/>
  <testcase name="webSocketUpgradeTest" classname="ch.fhnw.bacnetit.samplesandtests.encoding.WebSocketConnectionHandlerTest" time="0.434"/>
  <testcase name="httpRequestTestHandshakeIncomplete" classname="ch.fhnw.bacnetit.samplesandtests.encoding.WebSocketConnectionHandlerTest" time="0.028"/>
  <testcase name="httpRequestTestHandshakeComplete" classname="ch.fhnw.bacnetit.samplesandtests.encoding.WebSocketConnectionHandlerTest" time="0.001"/>
  <testcase name="contextCloseOnExceptionUnfinishedPromise" classname="ch.fhnw.bacnetit.samplesandtests.encoding.WebSocketConnectionHandlerTest" time="0.006"/>
  <testcase name="msgForwardingTest" classname="ch.fhnw.bacnetit.samplesandtests.encoding.WebSocketConnectionHandlerTest" time="0.001"/>
  <testcase name="contextCloseOnExceptionFinishedPromise" classname="ch.fhnw.bacnetit.samplesandtests.encoding.WebSocketConnectionHandlerTest" time="0.001"/>
  <system-out><![CDATA[21:19:21.259 [Test worker] DEBUG c.f.b.t.ws.WSConnectionHandler - WebSocket Client connected!
21:19:21.260 [Test worker] DEBUG c.f.b.t.ws.WSConnectionHandler - WebSocketConnectionHandler:
21:19:21.260 [Test worker] DEBUG c.f.b.t.ws.WSConnectionHandler - Fire User Event Trigger, dummy Control Message object
]]></system-out>
  <system-err><![CDATA[]]></system-err>
</testsuite>
