<?xml version="1.0" encoding="UTF-8"?>
<testsuite name="ch.fhnw.bacnetit.samplesandtests.encoding.WebSocketEncoderTest" tests="1" skipped="0" failures="0" errors="0" timestamp="2018-03-21T20:19:21" hostname="DESKTOP-QBU1TN7" time="0.0">
  <properties/>
  <testcase name="testEncoding" classname="ch.fhnw.bacnetit.samplesandtests.encoding.WebSocketEncoderTest" time="0.0"/>
  <system-out><![CDATA[TPDU = Revision 2; Priority 0; SourceEID 1001; DestinationEID 1002; InvokeID 1; Forwards null
]]></system-out>
  <system-err><![CDATA[]]></system-err>
</testsuite>
