<?xml version="1.0" encoding="UTF-8"?>
<testsuite name="ch.fhnw.bacnetit.samplesandtests.encoding.UnicastUnconfIAmReqTest" tests="1" skipped="0" failures="0" errors="0" timestamp="2018-03-21T20:19:20" hostname="DESKTOP-QBU1TN7" time="0.001">
  <properties/>
  <testcase name="UnicastUnconfIAmReq" classname="ch.fhnw.bacnetit.samplesandtests.encoding.UnicastUnconfIAmReqTest" time="0.001"/>
  <system-out><![CDATA[[e,9,2,19,0,2e,1a,30,39,2f,3e,1a,26,94,3f,f,1e,1e,e,c4,2,0,30,39,22,4,0,91,3,21,7,f,1f,1f]
[e,9,2,19,0,2e,1a,30,39,2f,3e,1a,26,94,3f,f,1e,1e,e,c4,2,0,30,39,22,4,0,91,3,21,7,f,1f,1f]
]]></system-out>
  <system-err><![CDATA[]]></system-err>
</testsuite>
