<?xml version="1.0" encoding="UTF-8"?>
<testsuite name="ch.fhnw.bacnetit.ase.application.service.TestASEChannel" tests="6" skipped="0" failures="0" errors="0" timestamp="2018-03-21T20:19:16" hostname="DESKTOP-QBU1TN7" time="0.227">
  <properties/>
  <testcase name="testOnIndication" classname="ch.fhnw.bacnetit.ase.application.service.TestASEChannel" time="0.222"/>
  <testcase name="createInstanceWithoutFactory2" classname="ch.fhnw.bacnetit.ase.application.service.TestASEChannel" time="0.0"/>
  <testcase name="createInstanceWithFactory" classname="ch.fhnw.bacnetit.ase.application.service.TestASEChannel" time="0.0"/>
  <testcase name="ChannelConfiguration1" classname="ch.fhnw.bacnetit.ase.application.service.TestASEChannel" time="0.0"/>
  <testcase name="testApplicationService" classname="ch.fhnw.bacnetit.ase.application.service.TestASEChannel" time="0.002"/>
  <testcase name="createInstanceWithoutFactory" classname="ch.fhnw.bacnetit.ase.application.service.TestASEChannel" time="0.001"/>
  <system-out><![CDATA[1A 03 F2 received indiciation
]]></system-out>
  <system-err><![CDATA[No channel listener is registered
java.lang.Exception: Use ChannelFactory to get an instance of ASEChannel
java.lang.Exception: Use ChannelFactory to get an instance of ASEChannel
]]></system-err>
</testsuite>
