<?xml version="1.0" encoding="UTF-8"?>
<testsuite name="ch.fhnw.bacnetit.samplesandtests.encoding.ASNEncodingTest" tests="4" skipped="0" failures="0" errors="0" timestamp="2018-03-21T20:19:16" hostname="DESKTOP-QBU1TN7" time="0.068">
  <properties/>
  <testcase name="testWhoIsRequestWithFilterAndDirectedBroadcast" classname="ch.fhnw.bacnetit.samplesandtests.encoding.ASNEncodingTest" time="0.001"/>
  <testcase name="testWhoIsRequestWithNoFilter" classname="ch.fhnw.bacnetit.samplesandtests.encoding.ASNEncodingTest" time="0.0"/>
  <testcase name="testIAmRequestWithUnicast" classname="ch.fhnw.bacnetit.samplesandtests.encoding.ASNEncodingTest" time="0.0"/>
  <testcase name="testReadPropertyRequestForAnalogInputAndPresentValue" classname="ch.fhnw.bacnetit.samplesandtests.encoding.ASNEncodingTest" time="0.064"/>
  <system-out><![CDATA[]]></system-out>
  <system-err><![CDATA[]]></system-err>
</testsuite>
