<?xml version="1.0" encoding="UTF-8"?>
<testsuite name="ch.fhnw.bacnetit.samplesandtests.encoding.UnicastUnconfWhoIsTest" tests="1" skipped="0" failures="0" errors="0" timestamp="2018-03-21T20:19:20" hostname="DESKTOP-QBU1TN7" time="0.001">
  <properties/>
  <testcase name="UnicastUnconfWhoIs" classname="ch.fhnw.bacnetit.samplesandtests.encoding.UnicastUnconfWhoIsTest" time="0.001"/>
  <system-out><![CDATA[[e,9,2,2e,1a,26,94,2f,3e,1a,30,39,3f,59,a,f,1e,1e,8e,8f,1f,1f]
[e,9,2,2e,1a,26,94,2f,3e,1a,30,39,3f,59,a,f,1e,1e,8e,8f,1f,1f]
]]></system-out>
  <system-err><![CDATA[]]></system-err>
</testsuite>
