<?xml version="1.0" encoding="UTF-8"?>
<testsuite name="ch.fhnw.bacnetit.samplesandtests.encoding.CorsBasicAuth" tests="8" skipped="8" failures="0" errors="0" timestamp="2018-03-21T20:19:17" hostname="DESKTOP-QBU1TN7" time="0.003">
  <properties/>
  <testcase name="Apreflight" classname="ch.fhnw.bacnetit.samplesandtests.encoding.CorsBasicAuth" time="0.0">
    <skipped/>
  </testcase>
  <testcase name="BhttpAuthWrongLogin" classname="ch.fhnw.bacnetit.samplesandtests.encoding.CorsBasicAuth" time="0.0">
    <skipped/>
  </testcase>
  <testcase name="ChttpAuth" classname="ch.fhnw.bacnetit.samplesandtests.encoding.CorsBasicAuth" time="0.001">
    <skipped/>
  </testcase>
  <testcase name="DwebsocketUpgrade" classname="ch.fhnw.bacnetit.samplesandtests.encoding.CorsBasicAuth" time="0.0">
    <skipped/>
  </testcase>
  <testcase name="EApreflight_TLS" classname="ch.fhnw.bacnetit.samplesandtests.encoding.CorsBasicAuth" time="0.0">
    <skipped/>
  </testcase>
  <testcase name="FhttpAuthWrongLogin_TLS" classname="ch.fhnw.bacnetit.samplesandtests.encoding.CorsBasicAuth" time="0.0">
    <skipped/>
  </testcase>
  <testcase name="GhttpAuth_TLS" classname="ch.fhnw.bacnetit.samplesandtests.encoding.CorsBasicAuth" time="0.0">
    <skipped/>
  </testcase>
  <testcase name="HwebsocketUpgrade_TLS" classname="ch.fhnw.bacnetit.samplesandtests.encoding.CorsBasicAuth" time="0.0">
    <skipped/>
  </testcase>
  <system-out><![CDATA[]]></system-out>
  <system-err><![CDATA[]]></system-err>
</testsuite>
