<?xml version="1.0" encoding="UTF-8"?>
<testsuite name="ch.fhnw.bacnetit.samplesandtests.encoding.BACnetEIDTest" tests="4" skipped="0" failures="0" errors="0" timestamp="2018-03-21T20:19:17" hostname="DESKTOP-QBU1TN7" time="0.003">
  <properties/>
  <testcase name="EIDEncodableTestNotAssigned" classname="ch.fhnw.bacnetit.samplesandtests.encoding.BACnetEIDTest" time="0.001"/>
  <testcase name="EIDEncodableTestGroup" classname="ch.fhnw.bacnetit.samplesandtests.encoding.BACnetEIDTest" time="0.0"/>
  <testcase name="EIDEncodableTestDevice" classname="ch.fhnw.bacnetit.samplesandtests.encoding.BACnetEIDTest" time="0.001"/>
  <testcase name="EIDEncodableTest4" classname="ch.fhnw.bacnetit.samplesandtests.encoding.BACnetEIDTest" time="0.0"/>
  <system-out><![CDATA[]]></system-out>
  <system-err><![CDATA[]]></system-err>
</testsuite>
